2019-05-18 22:38:55,877 [Worker-1] INFO  c.g.t.t.d.PublishedGradleVersions - Gradle version information cache is up-to-date. Trying to read.
2019-05-18 22:39:00,538 [Worker-0] INFO  org.eclipse.jetty.util.log - Logging initialized @62071ms to org.eclipse.jetty.util.log.Slf4jLog
2019-05-18 22:39:00,860 [Worker-0] INFO  org.eclipse.jetty.server.Server - jetty-9.4.8.v20171121, build timestamp: 2017-11-22T02:57:37+05:30, git hash: 82b8fb23f757335bb3329d540ce37a2a2615f0a8
2019-05-18 22:39:00,892 [Worker-0] INFO  org.eclipse.jetty.server.session - DefaultSessionIdManager workerName=node0
2019-05-18 22:39:00,892 [Worker-0] INFO  org.eclipse.jetty.server.session - No SessionScavenger set, using defaults
2019-05-18 22:39:00,893 [Worker-0] INFO  org.eclipse.jetty.server.session - Scavenging every 600000ms
2019-05-18 22:39:00,902 [Worker-0] INFO  o.e.j.server.handler.ContextHandler - Started o.e.j.s.ServletContextHandler@1a695c8a{/welcome,file:///C:/developer-studio-ei-eclipse-jee-oxygen-win64-x86_64-6.4.0/eclipse/configuration/org.eclipse.osgi/1178/0/.cp/TemplateDash/,AVAILABLE}
2019-05-18 22:39:00,903 [Worker-0] INFO  o.e.j.server.handler.ContextHandler - Started o.e.j.s.ServletContextHandler@56df06d5{/servlet,null,AVAILABLE}
2019-05-18 22:39:00,940 [Worker-0] INFO  o.e.jetty.server.AbstractConnector - Started ServerConnector@1519142{HTTP/1.1,[http/1.1]}{0.0.0.0:7774}
2019-05-18 22:39:00,940 [Worker-0] INFO  org.eclipse.jetty.server.Server - Started @62473ms
2019-05-19 09:36:32,057 [Worker-47] INFO  o.e.m.c.i.e.AbstractTransferListenerAdapter - Downloading http://maven.wso2.org/nexus/content/groups/wso2-public/org/codehaus/mojo/exec-maven-plugin/1.4.0/exec-maven-plugin-1.4.0.pom
2019-05-19 09:36:32,839 [Worker-47] INFO  o.e.m.c.i.e.AbstractTransferListenerAdapter - Downloaded http://maven.wso2.org/nexus/content/groups/wso2-public/org/codehaus/mojo/exec-maven-plugin/1.4.0/exec-maven-plugin-1.4.0.pom
2019-05-19 09:36:33,749 [Worker-47] INFO  o.e.m.c.i.e.AbstractTransferListenerAdapter - Downloading http://maven.wso2.org/nexus/content/groups/wso2-public/org/codehaus/mojo/mojo-parent/34/mojo-parent-34.pom
2019-05-19 09:36:34,881 [Worker-47] INFO  o.e.m.c.i.e.AbstractTransferListenerAdapter - Downloaded http://maven.wso2.org/nexus/content/groups/wso2-public/org/codehaus/mojo/mojo-parent/34/mojo-parent-34.pom
2019-05-19 09:36:35,695 [Worker-47] INFO  o.e.m.c.i.e.AbstractTransferListenerAdapter - Downloading http://maven.wso2.org/nexus/content/groups/wso2-public/org/codehaus/codehaus-parent/4/codehaus-parent-4.pom
2019-05-19 09:36:36,527 [Worker-47] INFO  o.e.m.c.i.e.AbstractTransferListenerAdapter - Downloaded http://maven.wso2.org/nexus/content/groups/wso2-public/org/codehaus/codehaus-parent/4/codehaus-parent-4.pom
2019-05-19 09:36:37,394 [Worker-47] INFO  o.e.m.c.i.e.AbstractTransferListenerAdapter - Downloading http://maven.wso2.org/nexus/content/groups/wso2-public/org/apache/maven/maven-toolchain/1.0/maven-toolchain-1.0.pom
2019-05-19 09:36:38,260 [Worker-47] INFO  o.e.m.c.i.e.AbstractTransferListenerAdapter - Downloaded http://maven.wso2.org/nexus/content/groups/wso2-public/org/apache/maven/maven-toolchain/1.0/maven-toolchain-1.0.pom
2019-05-19 09:36:39,064 [Worker-47] INFO  o.e.m.c.i.e.AbstractTransferListenerAdapter - Downloading http://maven.wso2.org/nexus/content/groups/wso2-public/org/apache/maven/maven/2.0.6/maven-2.0.6.pom
2019-05-19 09:36:39,900 [Worker-47] INFO  o.e.m.c.i.e.AbstractTransferListenerAdapter - Downloaded http://maven.wso2.org/nexus/content/groups/wso2-public/org/apache/maven/maven/2.0.6/maven-2.0.6.pom
2019-05-19 09:36:40,711 [Worker-47] INFO  o.e.m.c.i.e.AbstractTransferListenerAdapter - Downloading http://maven.wso2.org/nexus/content/groups/wso2-public/org/apache/maven/maven-parent/5/maven-parent-5.pom
2019-05-19 09:36:41,541 [Worker-47] INFO  o.e.m.c.i.e.AbstractTransferListenerAdapter - Downloaded http://maven.wso2.org/nexus/content/groups/wso2-public/org/apache/maven/maven-parent/5/maven-parent-5.pom
2019-05-19 09:36:42,351 [Worker-47] INFO  o.e.m.c.i.e.AbstractTransferListenerAdapter - Downloading http://maven.wso2.org/nexus/content/groups/wso2-public/org/apache/apache/3/apache-3.pom
2019-05-19 09:36:43,180 [Worker-47] INFO  o.e.m.c.i.e.AbstractTransferListenerAdapter - Downloaded http://maven.wso2.org/nexus/content/groups/wso2-public/org/apache/apache/3/apache-3.pom
2019-05-19 09:36:43,982 [Worker-47] INFO  o.e.m.c.i.e.AbstractTransferListenerAdapter - Downloading http://maven.wso2.org/nexus/content/groups/wso2-public/org/apache/maven/maven-core/2.0.6/maven-core-2.0.6.pom
2019-05-19 09:36:44,820 [Worker-47] INFO  o.e.m.c.i.e.AbstractTransferListenerAdapter - Downloaded http://maven.wso2.org/nexus/content/groups/wso2-public/org/apache/maven/maven-core/2.0.6/maven-core-2.0.6.pom
2019-05-19 09:36:45,609 [Worker-47] INFO  o.e.m.c.i.e.AbstractTransferListenerAdapter - Downloading http://maven.wso2.org/nexus/content/groups/wso2-public/org/apache/maven/maven-settings/2.0.6/maven-settings-2.0.6.pom
2019-05-19 09:36:46,454 [Worker-47] INFO  o.e.m.c.i.e.AbstractTransferListenerAdapter - Downloaded http://maven.wso2.org/nexus/content/groups/wso2-public/org/apache/maven/maven-settings/2.0.6/maven-settings-2.0.6.pom
2019-05-19 09:36:47,270 [Worker-47] INFO  o.e.m.c.i.e.AbstractTransferListenerAdapter - Downloading http://maven.wso2.org/nexus/content/groups/wso2-public/org/apache/maven/maven-model/2.0.6/maven-model-2.0.6.pom
2019-05-19 09:36:48,096 [Worker-47] INFO  o.e.m.c.i.e.AbstractTransferListenerAdapter - Downloaded http://maven.wso2.org/nexus/content/groups/wso2-public/org/apache/maven/maven-model/2.0.6/maven-model-2.0.6.pom
2019-05-19 09:36:48,871 [Worker-47] INFO  o.e.m.c.i.e.AbstractTransferListenerAdapter - Downloading http://maven.wso2.org/nexus/content/groups/wso2-public/org/codehaus/plexus/plexus-utils/1.4.1/plexus-utils-1.4.1.pom
2019-05-19 09:36:49,700 [Worker-47] INFO  o.e.m.c.i.e.AbstractTransferListenerAdapter - Downloaded http://maven.wso2.org/nexus/content/groups/wso2-public/org/codehaus/plexus/plexus-utils/1.4.1/plexus-utils-1.4.1.pom
2019-05-19 09:36:50,542 [Worker-47] INFO  o.e.m.c.i.e.AbstractTransferListenerAdapter - Downloading http://maven.wso2.org/nexus/content/groups/wso2-public/org/codehaus/plexus/plexus-container-default/1.0-alpha-9-stable-1/plexus-container-default-1.0-alpha-9-stable-1.pom
2019-05-19 09:36:51,467 [Worker-47] INFO  o.e.m.c.i.e.AbstractTransferListenerAdapter - Downloaded http://maven.wso2.org/nexus/content/groups/wso2-public/org/codehaus/plexus/plexus-container-default/1.0-alpha-9-stable-1/plexus-container-default-1.0-alpha-9-stable-1.pom
2019-05-19 09:36:52,285 [Worker-47] INFO  o.e.m.c.i.e.AbstractTransferListenerAdapter - Downloading http://maven.wso2.org/nexus/content/groups/wso2-public/org/codehaus/plexus/plexus-containers/1.0.3/plexus-containers-1.0.3.pom
2019-05-19 09:36:53,040 [Worker-47] INFO  o.e.m.c.i.e.AbstractTransferListenerAdapter - Downloaded http://maven.wso2.org/nexus/content/groups/wso2-public/org/codehaus/plexus/plexus-containers/1.0.3/plexus-containers-1.0.3.pom
2019-05-19 09:36:53,922 [Worker-47] INFO  o.e.m.c.i.e.AbstractTransferListenerAdapter - Downloading http://maven.wso2.org/nexus/content/groups/wso2-public/org/codehaus/plexus/plexus/1.0.4/plexus-1.0.4.pom
2019-05-19 09:36:54,752 [Worker-47] INFO  o.e.m.c.i.e.AbstractTransferListenerAdapter - Downloaded http://maven.wso2.org/nexus/content/groups/wso2-public/org/codehaus/plexus/plexus/1.0.4/plexus-1.0.4.pom
2019-05-19 09:36:55,662 [Worker-47] INFO  o.e.m.c.i.e.AbstractTransferListenerAdapter - Downloading http://maven.wso2.org/nexus/content/groups/wso2-public/junit/junit/4.11/junit-4.11.pom
2019-05-19 09:36:56,490 [Worker-47] INFO  o.e.m.c.i.e.AbstractTransferListenerAdapter - Downloaded http://maven.wso2.org/nexus/content/groups/wso2-public/junit/junit/4.11/junit-4.11.pom
2019-05-19 09:36:57,403 [Worker-47] INFO  o.e.m.c.i.e.AbstractTransferListenerAdapter - Downloading http://maven.wso2.org/nexus/content/groups/wso2-public/org/codehaus/plexus/plexus-utils/1.0.4/plexus-utils-1.0.4.pom
2019-05-19 09:36:58,234 [Worker-47] INFO  o.e.m.c.i.e.AbstractTransferListenerAdapter - Downloaded http://maven.wso2.org/nexus/content/groups/wso2-public/org/codehaus/plexus/plexus-utils/1.0.4/plexus-utils-1.0.4.pom
2019-05-19 09:36:59,044 [Worker-47] INFO  o.e.m.c.i.e.AbstractTransferListenerAdapter - Downloading http://maven.wso2.org/nexus/content/groups/wso2-public/classworlds/classworlds/1.1-alpha-2/classworlds-1.1-alpha-2.pom
2019-05-19 09:36:59,872 [Worker-47] INFO  o.e.m.c.i.e.AbstractTransferListenerAdapter - Downloaded http://maven.wso2.org/nexus/content/groups/wso2-public/classworlds/classworlds/1.1-alpha-2/classworlds-1.1-alpha-2.pom
2019-05-19 09:37:00,782 [Worker-47] INFO  o.e.m.c.i.e.AbstractTransferListenerAdapter - Downloading http://maven.wso2.org/nexus/content/groups/wso2-public/org/apache/maven/maven-plugin-parameter-documenter/2.0.6/maven-plugin-parameter-documenter-2.0.6.pom
2019-05-19 09:37:01,611 [Worker-47] INFO  o.e.m.c.i.e.AbstractTransferListenerAdapter - Downloaded http://maven.wso2.org/nexus/content/groups/wso2-public/org/apache/maven/maven-plugin-parameter-documenter/2.0.6/maven-plugin-parameter-documenter-2.0.6.pom
2019-05-19 09:37:02,423 [Worker-47] INFO  o.e.m.c.i.e.AbstractTransferListenerAdapter - Downloading http://maven.wso2.org/nexus/content/groups/wso2-public/org/apache/maven/reporting/maven-reporting-api/2.0.6/maven-reporting-api-2.0.6.pom
2019-05-19 09:37:03,250 [Worker-47] INFO  o.e.m.c.i.e.AbstractTransferListenerAdapter - Downloaded http://maven.wso2.org/nexus/content/groups/wso2-public/org/apache/maven/reporting/maven-reporting-api/2.0.6/maven-reporting-api-2.0.6.pom
2019-05-19 09:37:04,162 [Worker-47] INFO  o.e.m.c.i.e.AbstractTransferListenerAdapter - Downloading http://maven.wso2.org/nexus/content/groups/wso2-public/org/apache/maven/reporting/maven-reporting/2.0.6/maven-reporting-2.0.6.pom
2019-05-19 09:37:04,954 [Worker-47] INFO  o.e.m.c.i.e.AbstractTransferListenerAdapter - Downloaded http://maven.wso2.org/nexus/content/groups/wso2-public/org/apache/maven/reporting/maven-reporting/2.0.6/maven-reporting-2.0.6.pom
2019-05-19 09:37:05,800 [Worker-47] INFO  o.e.m.c.i.e.AbstractTransferListenerAdapter - Downloading http://maven.wso2.org/nexus/content/groups/wso2-public/org/apache/maven/doxia/doxia-sink-api/1.0-alpha-7/doxia-sink-api-1.0-alpha-7.pom
2019-05-19 09:37:06,630 [Worker-47] INFO  o.e.m.c.i.e.AbstractTransferListenerAdapter - Downloaded http://maven.wso2.org/nexus/content/groups/wso2-public/org/apache/maven/doxia/doxia-sink-api/1.0-alpha-7/doxia-sink-api-1.0-alpha-7.pom
2019-05-19 09:37:07,459 [Worker-47] INFO  o.e.m.c.i.e.AbstractTransferListenerAdapter - Downloading http://maven.wso2.org/nexus/content/groups/wso2-public/org/apache/maven/doxia/doxia/1.0-alpha-7/doxia-1.0-alpha-7.pom
2019-05-19 09:37:08,269 [Worker-47] INFO  o.e.m.c.i.e.AbstractTransferListenerAdapter - Downloaded http://maven.wso2.org/nexus/content/groups/wso2-public/org/apache/maven/doxia/doxia/1.0-alpha-7/doxia-1.0-alpha-7.pom
2019-05-19 09:37:09,180 [Worker-47] INFO  o.e.m.c.i.e.AbstractTransferListenerAdapter - Downloading http://maven.wso2.org/nexus/content/groups/wso2-public/org/apache/maven/maven-profile/2.0.6/maven-profile-2.0.6.pom
2019-05-19 09:37:10,009 [Worker-47] INFO  o.e.m.c.i.e.AbstractTransferListenerAdapter - Downloaded http://maven.wso2.org/nexus/content/groups/wso2-public/org/apache/maven/maven-profile/2.0.6/maven-profile-2.0.6.pom
2019-05-19 09:37:10,920 [Worker-47] INFO  o.e.m.c.i.e.AbstractTransferListenerAdapter - Downloading http://maven.wso2.org/nexus/content/groups/wso2-public/org/apache/maven/maven-artifact/2.0.6/maven-artifact-2.0.6.pom
2019-05-19 09:37:11,749 [Worker-47] INFO  o.e.m.c.i.e.AbstractTransferListenerAdapter - Downloaded http://maven.wso2.org/nexus/content/groups/wso2-public/org/apache/maven/maven-artifact/2.0.6/maven-artifact-2.0.6.pom
2019-05-19 09:37:12,661 [Worker-47] INFO  o.e.m.c.i.e.AbstractTransferListenerAdapter - Downloading http://maven.wso2.org/nexus/content/groups/wso2-public/org/apache/maven/maven-repository-metadata/2.0.6/maven-repository-metadata-2.0.6.pom
2019-05-19 09:37:13,492 [Worker-47] INFO  o.e.m.c.i.e.AbstractTransferListenerAdapter - Downloaded http://maven.wso2.org/nexus/content/groups/wso2-public/org/apache/maven/maven-repository-metadata/2.0.6/maven-repository-metadata-2.0.6.pom
2019-05-19 09:37:14,300 [Worker-47] INFO  o.e.m.c.i.e.AbstractTransferListenerAdapter - Downloading http://maven.wso2.org/nexus/content/groups/wso2-public/org/apache/maven/maven-error-diagnostics/2.0.6/maven-error-diagnostics-2.0.6.pom
2019-05-19 09:37:15,129 [Worker-47] INFO  o.e.m.c.i.e.AbstractTransferListenerAdapter - Downloaded http://maven.wso2.org/nexus/content/groups/wso2-public/org/apache/maven/maven-error-diagnostics/2.0.6/maven-error-diagnostics-2.0.6.pom
2019-05-19 09:37:16,041 [Worker-47] INFO  o.e.m.c.i.e.AbstractTransferListenerAdapter - Downloading http://maven.wso2.org/nexus/content/groups/wso2-public/org/apache/maven/maven-project/2.0.6/maven-project-2.0.6.pom
2019-05-19 09:37:16,798 [Worker-47] INFO  o.e.m.c.i.e.AbstractTransferListenerAdapter - Downloaded http://maven.wso2.org/nexus/content/groups/wso2-public/org/apache/maven/maven-project/2.0.6/maven-project-2.0.6.pom
2019-05-19 09:37:17,679 [Worker-47] INFO  o.e.m.c.i.e.AbstractTransferListenerAdapter - Downloading http://maven.wso2.org/nexus/content/groups/wso2-public/org/apache/maven/maven-artifact-manager/2.0.6/maven-artifact-manager-2.0.6.pom
2019-05-19 09:37:18,508 [Worker-47] INFO  o.e.m.c.i.e.AbstractTransferListenerAdapter - Downloaded http://maven.wso2.org/nexus/content/groups/wso2-public/org/apache/maven/maven-artifact-manager/2.0.6/maven-artifact-manager-2.0.6.pom
2019-05-19 09:37:19,420 [Worker-47] INFO  o.e.m.c.i.e.AbstractTransferListenerAdapter - Downloading http://maven.wso2.org/nexus/content/groups/wso2-public/org/apache/maven/maven-plugin-registry/2.0.6/maven-plugin-registry-2.0.6.pom
2019-05-19 09:37:20,248 [Worker-47] INFO  o.e.m.c.i.e.AbstractTransferListenerAdapter - Downloaded http://maven.wso2.org/nexus/content/groups/wso2-public/org/apache/maven/maven-plugin-registry/2.0.6/maven-plugin-registry-2.0.6.pom
2019-05-19 09:37:21,050 [Worker-47] INFO  o.e.m.c.i.e.AbstractTransferListenerAdapter - Downloading http://maven.wso2.org/nexus/content/groups/wso2-public/commons-cli/commons-cli/1.0/commons-cli-1.0.pom
2019-05-19 09:37:21,886 [Worker-47] INFO  o.e.m.c.i.e.AbstractTransferListenerAdapter - Downloaded http://maven.wso2.org/nexus/content/groups/wso2-public/commons-cli/commons-cli/1.0/commons-cli-1.0.pom
2019-05-19 09:37:22,717 [Worker-47] INFO  o.e.m.c.i.e.AbstractTransferListenerAdapter - Downloading http://maven.wso2.org/nexus/content/groups/wso2-public/org/apache/maven/maven-plugin-descriptor/2.0.6/maven-plugin-descriptor-2.0.6.pom
2019-05-19 09:37:23,478 [Worker-47] INFO  o.e.m.c.i.e.AbstractTransferListenerAdapter - Downloaded http://maven.wso2.org/nexus/content/groups/wso2-public/org/apache/maven/maven-plugin-descriptor/2.0.6/maven-plugin-descriptor-2.0.6.pom
2019-05-19 09:37:24,335 [Worker-47] INFO  o.e.m.c.i.e.AbstractTransferListenerAdapter - Downloading http://maven.wso2.org/nexus/content/groups/wso2-public/org/codehaus/plexus/plexus-interactivity-api/1.0-alpha-4/plexus-interactivity-api-1.0-alpha-4.pom
2019-05-19 09:37:25,165 [Worker-47] INFO  o.e.m.c.i.e.AbstractTransferListenerAdapter - Downloaded http://maven.wso2.org/nexus/content/groups/wso2-public/org/codehaus/plexus/plexus-interactivity-api/1.0-alpha-4/plexus-interactivity-api-1.0-alpha-4.pom
2019-05-19 09:37:25,971 [Worker-47] INFO  o.e.m.c.i.e.AbstractTransferListenerAdapter - Downloading http://maven.wso2.org/nexus/content/groups/wso2-public/org/apache/maven/maven-monitor/2.0.6/maven-monitor-2.0.6.pom
2019-05-19 09:37:26,788 [Worker-47] INFO  o.e.m.c.i.e.AbstractTransferListenerAdapter - Downloaded http://maven.wso2.org/nexus/content/groups/wso2-public/org/apache/maven/maven-monitor/2.0.6/maven-monitor-2.0.6.pom
2019-05-19 09:37:27,612 [Worker-47] INFO  o.e.m.c.i.e.AbstractTransferListenerAdapter - Downloading http://maven.wso2.org/nexus/content/groups/wso2-public/classworlds/classworlds/1.1/classworlds-1.1.pom
2019-05-19 09:37:28,435 [Worker-47] INFO  o.e.m.c.i.e.AbstractTransferListenerAdapter - Downloaded http://maven.wso2.org/nexus/content/groups/wso2-public/classworlds/classworlds/1.1/classworlds-1.1.pom
2019-05-19 09:37:29,425 [Worker-47] INFO  o.e.m.c.i.e.AbstractTransferListenerAdapter - Downloading http://maven.wso2.org/nexus/content/groups/wso2-public/org/apache/maven/reporting/maven-reporting-api/2.2.1/maven-reporting-api-2.2.1.pom
2019-05-19 09:37:30,203 [Worker-47] INFO  o.e.m.c.i.e.AbstractTransferListenerAdapter - Downloaded http://maven.wso2.org/nexus/content/groups/wso2-public/org/apache/maven/reporting/maven-reporting-api/2.2.1/maven-reporting-api-2.2.1.pom
2019-05-19 09:37:31,094 [Worker-47] INFO  o.e.m.c.i.e.AbstractTransferListenerAdapter - Downloading http://maven.wso2.org/nexus/content/groups/wso2-public/org/apache/maven/reporting/maven-reporting/2.2.1/maven-reporting-2.2.1.pom
2019-05-19 09:37:31,924 [Worker-47] INFO  o.e.m.c.i.e.AbstractTransferListenerAdapter - Downloaded http://maven.wso2.org/nexus/content/groups/wso2-public/org/apache/maven/reporting/maven-reporting/2.2.1/maven-reporting-2.2.1.pom
2019-05-19 09:37:32,734 [Worker-47] INFO  o.e.m.c.i.e.AbstractTransferListenerAdapter - Downloading http://maven.wso2.org/nexus/content/groups/wso2-public/org/apache/maven/doxia/doxia-sink-api/1.1/doxia-sink-api-1.1.pom
2019-05-19 09:37:33,560 [Worker-47] INFO  o.e.m.c.i.e.AbstractTransferListenerAdapter - Downloaded http://maven.wso2.org/nexus/content/groups/wso2-public/org/apache/maven/doxia/doxia-sink-api/1.1/doxia-sink-api-1.1.pom
2019-05-19 09:37:34,485 [Worker-47] INFO  o.e.m.c.i.e.AbstractTransferListenerAdapter - Downloading http://maven.wso2.org/nexus/content/groups/wso2-public/org/apache/maven/doxia/doxia/1.1/doxia-1.1.pom
2019-05-19 09:37:35,303 [Worker-47] INFO  o.e.m.c.i.e.AbstractTransferListenerAdapter - Downloaded http://maven.wso2.org/nexus/content/groups/wso2-public/org/apache/maven/doxia/doxia/1.1/doxia-1.1.pom
2019-05-19 09:37:36,214 [Worker-47] INFO  o.e.m.c.i.e.AbstractTransferListenerAdapter - Downloading http://maven.wso2.org/nexus/content/groups/wso2-public/org/apache/maven/doxia/doxia-logging-api/1.1/doxia-logging-api-1.1.pom
2019-05-19 09:37:37,043 [Worker-47] INFO  o.e.m.c.i.e.AbstractTransferListenerAdapter - Downloaded http://maven.wso2.org/nexus/content/groups/wso2-public/org/apache/maven/doxia/doxia-logging-api/1.1/doxia-logging-api-1.1.pom
2019-05-19 09:37:37,853 [Worker-47] INFO  o.e.m.c.i.e.AbstractTransferListenerAdapter - Downloading http://maven.wso2.org/nexus/content/groups/wso2-public/org/codehaus/plexus/plexus-container-default/1.0-alpha-30/plexus-container-default-1.0-alpha-30.pom
2019-05-19 09:37:38,681 [Worker-47] INFO  o.e.m.c.i.e.AbstractTransferListenerAdapter - Downloaded http://maven.wso2.org/nexus/content/groups/wso2-public/org/codehaus/plexus/plexus-container-default/1.0-alpha-30/plexus-container-default-1.0-alpha-30.pom
2019-05-19 09:37:39,491 [Worker-47] INFO  o.e.m.c.i.e.AbstractTransferListenerAdapter - Downloading http://maven.wso2.org/nexus/content/groups/wso2-public/org/codehaus/plexus/plexus-containers/1.0-alpha-30/plexus-containers-1.0-alpha-30.pom
2019-05-19 09:37:40,320 [Worker-47] INFO  o.e.m.c.i.e.AbstractTransferListenerAdapter - Downloaded http://maven.wso2.org/nexus/content/groups/wso2-public/org/codehaus/plexus/plexus-containers/1.0-alpha-30/plexus-containers-1.0-alpha-30.pom
2019-05-19 09:37:41,130 [Worker-47] INFO  o.e.m.c.i.e.AbstractTransferListenerAdapter - Downloading http://maven.wso2.org/nexus/content/groups/wso2-public/org/codehaus/plexus/plexus-utils/1.4.5/plexus-utils-1.4.5.pom
2019-05-19 09:37:41,958 [Worker-47] INFO  o.e.m.c.i.e.AbstractTransferListenerAdapter - Downloaded http://maven.wso2.org/nexus/content/groups/wso2-public/org/codehaus/plexus/plexus-utils/1.4.5/plexus-utils-1.4.5.pom
2019-05-19 09:37:42,768 [Worker-47] INFO  o.e.m.c.i.e.AbstractTransferListenerAdapter - Downloading http://maven.wso2.org/nexus/content/groups/wso2-public/org/codehaus/plexus/plexus-classworlds/1.2-alpha-9/plexus-classworlds-1.2-alpha-9.pom
2019-05-19 09:37:43,596 [Worker-47] INFO  o.e.m.c.i.e.AbstractTransferListenerAdapter - Downloaded http://maven.wso2.org/nexus/content/groups/wso2-public/org/codehaus/plexus/plexus-classworlds/1.2-alpha-9/plexus-classworlds-1.2-alpha-9.pom
2019-05-19 09:37:44,406 [Worker-47] INFO  o.e.m.c.i.e.AbstractTransferListenerAdapter - Downloading http://maven.wso2.org/nexus/content/groups/wso2-public/org/codehaus/plexus/plexus/1.0.10/plexus-1.0.10.pom
2019-05-19 09:37:45,235 [Worker-47] INFO  o.e.m.c.i.e.AbstractTransferListenerAdapter - Downloaded http://maven.wso2.org/nexus/content/groups/wso2-public/org/codehaus/plexus/plexus/1.0.10/plexus-1.0.10.pom
2019-05-19 09:37:46,045 [Worker-47] INFO  o.e.m.c.i.e.AbstractTransferListenerAdapter - Downloading http://maven.wso2.org/nexus/content/groups/wso2-public/commons-cli/commons-cli/1.2/commons-cli-1.2.pom
2019-05-19 09:37:46,872 [Worker-47] INFO  o.e.m.c.i.e.AbstractTransferListenerAdapter - Downloaded http://maven.wso2.org/nexus/content/groups/wso2-public/commons-cli/commons-cli/1.2/commons-cli-1.2.pom
2019-05-19 09:37:47,682 [Worker-47] INFO  o.e.m.c.i.e.AbstractTransferListenerAdapter - Downloading http://maven.wso2.org/nexus/content/groups/wso2-public/org/apache/commons/commons-parent/11/commons-parent-11.pom
2019-05-19 09:37:48,820 [Worker-47] INFO  o.e.m.c.i.e.AbstractTransferListenerAdapter - Downloaded http://maven.wso2.org/nexus/content/groups/wso2-public/org/apache/commons/commons-parent/11/commons-parent-11.pom
2019-05-19 09:37:49,629 [Worker-47] INFO  o.e.m.c.i.e.AbstractTransferListenerAdapter - Downloading http://maven.wso2.org/nexus/content/groups/wso2-public/org/apache/apache/4/apache-4.pom
2019-05-19 09:37:50,457 [Worker-47] INFO  o.e.m.c.i.e.AbstractTransferListenerAdapter - Downloaded http://maven.wso2.org/nexus/content/groups/wso2-public/org/apache/apache/4/apache-4.pom
2019-05-19 09:37:51,370 [Worker-47] INFO  o.e.m.c.i.e.AbstractTransferListenerAdapter - Downloading http://maven.wso2.org/nexus/content/groups/wso2-public/org/codehaus/plexus/plexus-utils/3.0.20/plexus-utils-3.0.20.pom
2019-05-19 09:37:52,167 [Worker-47] INFO  o.e.m.c.i.e.AbstractTransferListenerAdapter - Downloaded http://maven.wso2.org/nexus/content/groups/wso2-public/org/codehaus/plexus/plexus-utils/3.0.20/plexus-utils-3.0.20.pom
2019-05-19 09:37:52,971 [Worker-47] INFO  o.e.m.c.i.e.AbstractTransferListenerAdapter - Downloading http://maven.wso2.org/nexus/content/groups/wso2-public/org/apache/commons/commons-exec/1.3/commons-exec-1.3.pom
2019-05-19 09:37:53,754 [Worker-47] INFO  o.e.m.c.i.e.AbstractTransferListenerAdapter - Downloaded http://maven.wso2.org/nexus/content/groups/wso2-public/org/apache/commons/commons-exec/1.3/commons-exec-1.3.pom
2019-05-19 09:37:54,552 [Worker-47] INFO  o.e.m.c.i.e.AbstractTransferListenerAdapter - Downloading http://maven.wso2.org/nexus/content/groups/wso2-public/org/apache/commons/commons-parent/35/commons-parent-35.pom
2019-05-19 09:37:55,886 [Worker-47] INFO  o.e.m.c.i.e.AbstractTransferListenerAdapter - Downloaded http://maven.wso2.org/nexus/content/groups/wso2-public/org/apache/commons/commons-parent/35/commons-parent-35.pom
2019-05-19 09:37:57,412 [Worker-47] INFO  o.e.m.c.i.e.AbstractTransferListenerAdapter - Downloading http://maven.wso2.org/nexus/content/groups/wso2-public/org/codehaus/mojo/exec-maven-plugin/1.4.0/exec-maven-plugin-1.4.0.jar
2019-05-19 09:37:58,854 [Worker-47] INFO  o.e.m.c.i.e.AbstractTransferListenerAdapter - Downloaded http://maven.wso2.org/nexus/content/groups/wso2-public/org/codehaus/mojo/exec-maven-plugin/1.4.0/exec-maven-plugin-1.4.0.jar
2019-05-19 09:37:59,665 [Worker-47] INFO  o.e.m.c.i.e.AbstractTransferListenerAdapter - Downloading http://maven.wso2.org/nexus/content/groups/wso2-public/org/apache/maven/maven-toolchain/1.0/maven-toolchain-1.0.jar
2019-05-19 09:38:00,620 [Worker-47] INFO  o.e.m.c.i.e.AbstractTransferListenerAdapter - Downloaded http://maven.wso2.org/nexus/content/groups/wso2-public/org/apache/maven/maven-toolchain/1.0/maven-toolchain-1.0.jar
2019-05-19 09:38:01,406 [Worker-47] INFO  o.e.m.c.i.e.AbstractTransferListenerAdapter - Downloading http://maven.wso2.org/nexus/content/groups/wso2-public/org/apache/maven/maven-project/2.2.1/maven-project-2.2.1.jar
2019-05-19 09:38:03,258 [Worker-47] INFO  o.e.m.c.i.e.AbstractTransferListenerAdapter - Downloaded http://maven.wso2.org/nexus/content/groups/wso2-public/org/apache/maven/maven-project/2.2.1/maven-project-2.2.1.jar
2019-05-19 09:38:04,068 [Worker-47] INFO  o.e.m.c.i.e.AbstractTransferListenerAdapter - Downloading http://maven.wso2.org/nexus/content/groups/wso2-public/org/apache/maven/maven-settings/2.2.1/maven-settings-2.2.1.jar
2019-05-19 09:38:05,408 [Worker-47] INFO  o.e.m.c.i.e.AbstractTransferListenerAdapter - Downloaded http://maven.wso2.org/nexus/content/groups/wso2-public/org/apache/maven/maven-settings/2.2.1/maven-settings-2.2.1.jar
2019-05-19 09:38:06,218 [Worker-47] INFO  o.e.m.c.i.e.AbstractTransferListenerAdapter - Downloading http://maven.wso2.org/nexus/content/groups/wso2-public/org/apache/maven/maven-profile/2.2.1/maven-profile-2.2.1.jar
2019-05-19 09:38:07,252 [Worker-47] INFO  o.e.m.c.i.e.AbstractTransferListenerAdapter - Downloaded http://maven.wso2.org/nexus/content/groups/wso2-public/org/apache/maven/maven-profile/2.2.1/maven-profile-2.2.1.jar
2019-05-19 09:38:08,061 [Worker-47] INFO  o.e.m.c.i.e.AbstractTransferListenerAdapter - Downloading http://maven.wso2.org/nexus/content/groups/wso2-public/org/apache/maven/maven-plugin-registry/2.2.1/maven-plugin-registry-2.2.1.jar
2019-05-19 09:38:09,197 [Worker-47] INFO  o.e.m.c.i.e.AbstractTransferListenerAdapter - Downloaded http://maven.wso2.org/nexus/content/groups/wso2-public/org/apache/maven/maven-plugin-registry/2.2.1/maven-plugin-registry-2.2.1.jar
2019-05-19 09:38:09,988 [Worker-47] INFO  o.e.m.c.i.e.AbstractTransferListenerAdapter - Downloading http://maven.wso2.org/nexus/content/groups/wso2-public/org/codehaus/plexus/plexus-interpolation/1.11/plexus-interpolation-1.11.jar
2019-05-19 09:38:11,348 [Worker-47] INFO  o.e.m.c.i.e.AbstractTransferListenerAdapter - Downloaded http://maven.wso2.org/nexus/content/groups/wso2-public/org/codehaus/plexus/plexus-interpolation/1.11/plexus-interpolation-1.11.jar
2019-05-19 09:38:12,157 [Worker-47] INFO  o.e.m.c.i.e.AbstractTransferListenerAdapter - Downloading http://maven.wso2.org/nexus/content/groups/wso2-public/org/codehaus/plexus/plexus-container-default/1.0-alpha-9-stable-1/plexus-container-default-1.0-alpha-9-stable-1.jar
2019-05-19 09:38:14,011 [Worker-47] INFO  o.e.m.c.i.e.AbstractTransferListenerAdapter - Downloaded http://maven.wso2.org/nexus/content/groups/wso2-public/org/codehaus/plexus/plexus-container-default/1.0-alpha-9-stable-1/plexus-container-default-1.0-alpha-9-stable-1.jar
2019-05-19 09:38:14,820 [Worker-47] INFO  o.e.m.c.i.e.AbstractTransferListenerAdapter - Downloading http://maven.wso2.org/nexus/content/groups/wso2-public/org/apache/maven/maven-model/2.2.1/maven-model-2.2.1.jar
2019-05-19 09:38:16,139 [Worker-47] INFO  o.e.m.c.i.e.AbstractTransferListenerAdapter - Downloaded http://maven.wso2.org/nexus/content/groups/wso2-public/org/apache/maven/maven-model/2.2.1/maven-model-2.2.1.jar
2019-05-19 09:38:16,971 [Worker-47] INFO  o.e.m.c.i.e.AbstractTransferListenerAdapter - Downloading http://maven.wso2.org/nexus/content/groups/wso2-public/org/apache/maven/maven-artifact/2.2.1/maven-artifact-2.2.1.jar
2019-05-19 09:38:18,207 [Worker-47] INFO  o.e.m.c.i.e.AbstractTransferListenerAdapter - Downloaded http://maven.wso2.org/nexus/content/groups/wso2-public/org/apache/maven/maven-artifact/2.2.1/maven-artifact-2.2.1.jar
2019-05-19 09:38:18,992 [Worker-47] INFO  o.e.m.c.i.e.AbstractTransferListenerAdapter - Downloading http://maven.wso2.org/nexus/content/groups/wso2-public/org/apache/maven/maven-artifact-manager/2.2.1/maven-artifact-manager-2.2.1.jar
2019-05-19 09:38:20,353 [Worker-47] INFO  o.e.m.c.i.e.AbstractTransferListenerAdapter - Downloaded http://maven.wso2.org/nexus/content/groups/wso2-public/org/apache/maven/maven-artifact-manager/2.2.1/maven-artifact-manager-2.2.1.jar
2019-05-19 09:38:21,142 [Worker-47] INFO  o.e.m.c.i.e.AbstractTransferListenerAdapter - Downloading http://maven.wso2.org/nexus/content/groups/wso2-public/org/apache/maven/maven-repository-metadata/2.2.1/maven-repository-metadata-2.2.1.jar
2019-05-19 09:38:22,155 [Worker-47] INFO  o.e.m.c.i.e.AbstractTransferListenerAdapter - Downloaded http://maven.wso2.org/nexus/content/groups/wso2-public/org/apache/maven/maven-repository-metadata/2.2.1/maven-repository-metadata-2.2.1.jar
2019-05-19 09:38:23,017 [Worker-47] INFO  o.e.m.c.i.e.AbstractTransferListenerAdapter - Downloading http://maven.wso2.org/nexus/content/groups/wso2-public/backport-util-concurrent/backport-util-concurrent/3.1/backport-util-concurrent-3.1.jar
2019-05-19 09:38:24,967 [Worker-47] INFO  o.e.m.c.i.e.AbstractTransferListenerAdapter - Downloaded http://maven.wso2.org/nexus/content/groups/wso2-public/backport-util-concurrent/backport-util-concurrent/3.1/backport-util-concurrent-3.1.jar
2019-05-19 09:38:25,780 [Worker-47] INFO  o.e.m.c.i.e.AbstractTransferListenerAdapter - Downloading http://maven.wso2.org/nexus/content/groups/wso2-public/org/apache/maven/maven-core/2.2.1/maven-core-2.2.1.jar
2019-05-19 09:38:27,425 [Worker-47] INFO  o.e.m.c.i.e.AbstractTransferListenerAdapter - Downloaded http://maven.wso2.org/nexus/content/groups/wso2-public/org/apache/maven/maven-core/2.2.1/maven-core-2.2.1.jar
2019-05-19 09:38:28,235 [Worker-47] INFO  o.e.m.c.i.e.AbstractTransferListenerAdapter - Downloading http://maven.wso2.org/nexus/content/groups/wso2-public/org/apache/maven/maven-plugin-parameter-documenter/2.2.1/maven-plugin-parameter-documenter-2.2.1.jar
2019-05-19 09:38:29,374 [Worker-47] INFO  o.e.m.c.i.e.AbstractTransferListenerAdapter - Downloaded http://maven.wso2.org/nexus/content/groups/wso2-public/org/apache/maven/maven-plugin-parameter-documenter/2.2.1/maven-plugin-parameter-documenter-2.2.1.jar
2019-05-19 09:38:30,181 [Worker-47] INFO  o.e.m.c.i.e.AbstractTransferListenerAdapter - Downloading http://maven.wso2.org/nexus/content/groups/wso2-public/org/slf4j/slf4j-jdk14/1.5.6/slf4j-jdk14-1.5.6.jar
2019-05-19 09:38:31,009 [Worker-47] INFO  o.e.m.c.i.e.AbstractTransferListenerAdapter - Downloaded http://maven.wso2.org/nexus/content/groups/wso2-public/org/slf4j/slf4j-jdk14/1.5.6/slf4j-jdk14-1.5.6.jar
2019-05-19 09:38:31,819 [Worker-47] INFO  o.e.m.c.i.e.AbstractTransferListenerAdapter - Downloading http://maven.wso2.org/nexus/content/groups/wso2-public/org/slf4j/slf4j-api/1.5.6/slf4j-api-1.5.6.jar
2019-05-19 09:38:32,953 [Worker-47] INFO  o.e.m.c.i.e.AbstractTransferListenerAdapter - Downloaded http://maven.wso2.org/nexus/content/groups/wso2-public/org/slf4j/slf4j-api/1.5.6/slf4j-api-1.5.6.jar
2019-05-19 09:38:33,765 [Worker-47] INFO  o.e.m.c.i.e.AbstractTransferListenerAdapter - Downloading http://maven.wso2.org/nexus/content/groups/wso2-public/org/slf4j/jcl-over-slf4j/1.5.6/jcl-over-slf4j-1.5.6.jar
2019-05-19 09:38:34,899 [Worker-47] INFO  o.e.m.c.i.e.AbstractTransferListenerAdapter - Downloaded http://maven.wso2.org/nexus/content/groups/wso2-public/org/slf4j/jcl-over-slf4j/1.5.6/jcl-over-slf4j-1.5.6.jar
2019-05-19 09:38:35,710 [Worker-47] INFO  o.e.m.c.i.e.AbstractTransferListenerAdapter - Downloading http://maven.wso2.org/nexus/content/groups/wso2-public/org/apache/maven/reporting/maven-reporting-api/2.2.1/maven-reporting-api-2.2.1.jar
2019-05-19 09:38:36,640 [Worker-47] INFO  o.e.m.c.i.e.AbstractTransferListenerAdapter - Downloaded http://maven.wso2.org/nexus/content/groups/wso2-public/org/apache/maven/reporting/maven-reporting-api/2.2.1/maven-reporting-api-2.2.1.jar
2019-05-19 09:38:37,449 [Worker-47] INFO  o.e.m.c.i.e.AbstractTransferListenerAdapter - Downloading http://maven.wso2.org/nexus/content/groups/wso2-public/org/apache/maven/doxia/doxia-sink-api/1.1/doxia-sink-api-1.1.jar
2019-05-19 09:38:38,279 [Worker-47] INFO  o.e.m.c.i.e.AbstractTransferListenerAdapter - Downloaded http://maven.wso2.org/nexus/content/groups/wso2-public/org/apache/maven/doxia/doxia-sink-api/1.1/doxia-sink-api-1.1.jar
2019-05-19 09:38:39,090 [Worker-47] INFO  o.e.m.c.i.e.AbstractTransferListenerAdapter - Downloading http://maven.wso2.org/nexus/content/groups/wso2-public/org/apache/maven/doxia/doxia-logging-api/1.1/doxia-logging-api-1.1.jar
2019-05-19 09:38:39,918 [Worker-47] INFO  o.e.m.c.i.e.AbstractTransferListenerAdapter - Downloaded http://maven.wso2.org/nexus/content/groups/wso2-public/org/apache/maven/doxia/doxia-logging-api/1.1/doxia-logging-api-1.1.jar
2019-05-19 09:38:40,728 [Worker-47] INFO  o.e.m.c.i.e.AbstractTransferListenerAdapter - Downloading http://maven.wso2.org/nexus/content/groups/wso2-public/org/apache/maven/maven-error-diagnostics/2.2.1/maven-error-diagnostics-2.2.1.jar
2019-05-19 09:38:41,555 [Worker-47] INFO  o.e.m.c.i.e.AbstractTransferListenerAdapter - Downloaded http://maven.wso2.org/nexus/content/groups/wso2-public/org/apache/maven/maven-error-diagnostics/2.2.1/maven-error-diagnostics-2.2.1.jar
2019-05-19 09:38:42,366 [Worker-47] INFO  o.e.m.c.i.e.AbstractTransferListenerAdapter - Downloading http://maven.wso2.org/nexus/content/groups/wso2-public/commons-cli/commons-cli/1.2/commons-cli-1.2.jar
2019-05-19 09:38:43,503 [Worker-47] INFO  o.e.m.c.i.e.AbstractTransferListenerAdapter - Downloaded http://maven.wso2.org/nexus/content/groups/wso2-public/commons-cli/commons-cli/1.2/commons-cli-1.2.jar
2019-05-19 09:38:44,312 [Worker-47] INFO  o.e.m.c.i.e.AbstractTransferListenerAdapter - Downloading http://maven.wso2.org/nexus/content/groups/wso2-public/org/apache/maven/maven-plugin-descriptor/2.2.1/maven-plugin-descriptor-2.2.1.jar
2019-05-19 09:38:45,447 [Worker-47] INFO  o.e.m.c.i.e.AbstractTransferListenerAdapter - Downloaded http://maven.wso2.org/nexus/content/groups/wso2-public/org/apache/maven/maven-plugin-descriptor/2.2.1/maven-plugin-descriptor-2.2.1.jar
2019-05-19 09:38:46,258 [Worker-47] INFO  o.e.m.c.i.e.AbstractTransferListenerAdapter - Downloading http://maven.wso2.org/nexus/content/groups/wso2-public/org/codehaus/plexus/plexus-interactivity-api/1.0-alpha-4/plexus-interactivity-api-1.0-alpha-4.jar
2019-05-19 09:38:47,086 [Worker-47] INFO  o.e.m.c.i.e.AbstractTransferListenerAdapter - Downloaded http://maven.wso2.org/nexus/content/groups/wso2-public/org/codehaus/plexus/plexus-interactivity-api/1.0-alpha-4/plexus-interactivity-api-1.0-alpha-4.jar
2019-05-19 09:38:47,895 [Worker-47] INFO  o.e.m.c.i.e.AbstractTransferListenerAdapter - Downloading http://maven.wso2.org/nexus/content/groups/wso2-public/org/apache/maven/maven-monitor/2.2.1/maven-monitor-2.2.1.jar
2019-05-19 09:38:48,723 [Worker-47] INFO  o.e.m.c.i.e.AbstractTransferListenerAdapter - Downloaded http://maven.wso2.org/nexus/content/groups/wso2-public/org/apache/maven/maven-monitor/2.2.1/maven-monitor-2.2.1.jar
2019-05-19 09:38:49,535 [Worker-47] INFO  o.e.m.c.i.e.AbstractTransferListenerAdapter - Downloading http://maven.wso2.org/nexus/content/groups/wso2-public/classworlds/classworlds/1.1/classworlds-1.1.jar
2019-05-19 09:38:50,536 [Worker-47] INFO  o.e.m.c.i.e.AbstractTransferListenerAdapter - Downloaded http://maven.wso2.org/nexus/content/groups/wso2-public/classworlds/classworlds/1.1/classworlds-1.1.jar
2019-05-19 09:38:51,378 [Worker-47] INFO  o.e.m.c.i.e.AbstractTransferListenerAdapter - Downloading http://maven.wso2.org/nexus/content/groups/wso2-public/org/apache/maven/maven-plugin-api/2.2.1/maven-plugin-api-2.2.1.jar
2019-05-19 09:38:52,161 [Worker-47] INFO  o.e.m.c.i.e.AbstractTransferListenerAdapter - Downloaded http://maven.wso2.org/nexus/content/groups/wso2-public/org/apache/maven/maven-plugin-api/2.2.1/maven-plugin-api-2.2.1.jar
2019-05-19 09:38:52,933 [Worker-47] INFO  o.e.m.c.i.e.AbstractTransferListenerAdapter - Downloading http://maven.wso2.org/nexus/content/groups/wso2-public/org/codehaus/plexus/plexus-utils/3.0.20/plexus-utils-3.0.20.jar
2019-05-19 09:38:54,766 [Worker-47] INFO  o.e.m.c.i.e.AbstractTransferListenerAdapter - Downloaded http://maven.wso2.org/nexus/content/groups/wso2-public/org/codehaus/plexus/plexus-utils/3.0.20/plexus-utils-3.0.20.jar
2019-05-19 09:38:55,576 [Worker-47] INFO  o.e.m.c.i.e.AbstractTransferListenerAdapter - Downloading http://maven.wso2.org/nexus/content/groups/wso2-public/org/apache/commons/commons-exec/1.3/commons-exec-1.3.jar
2019-05-19 09:38:56,834 [Worker-47] INFO  o.e.m.c.i.e.AbstractTransferListenerAdapter - Downloaded http://maven.wso2.org/nexus/content/groups/wso2-public/org/apache/commons/commons-exec/1.3/commons-exec-1.3.jar
2019-05-19 09:38:59,877 [Worker-47] INFO  o.e.m.c.i.e.AbstractTransferListenerAdapter - Downloading http://maven.wso2.org/nexus/content/groups/wso2-public/org/wso2/maven/wso2-esb-endpoint-plugin/2.1.0/wso2-esb-endpoint-plugin-2.1.0.pom
2019-05-19 09:39:00,763 [Worker-47] INFO  o.e.m.c.i.e.AbstractTransferListenerAdapter - Downloaded http://maven.wso2.org/nexus/content/groups/wso2-public/org/wso2/maven/wso2-esb-endpoint-plugin/2.1.0/wso2-esb-endpoint-plugin-2.1.0.pom
2019-05-19 09:39:01,618 [Worker-47] INFO  o.e.m.c.i.e.AbstractTransferListenerAdapter - Downloading http://maven.wso2.org/nexus/content/groups/wso2-public/org/wso2/maven/maven-tools/5.0.0/maven-tools-5.0.0.pom
2019-05-19 09:39:02,654 [Worker-47] INFO  o.e.m.c.i.e.AbstractTransferListenerAdapter - Downloaded http://maven.wso2.org/nexus/content/groups/wso2-public/org/wso2/maven/maven-tools/5.0.0/maven-tools-5.0.0.pom
2019-05-19 09:39:03,462 [Worker-47] INFO  o.e.m.c.i.e.AbstractTransferListenerAdapter - Downloading http://maven.wso2.org/nexus/content/groups/wso2-public/org/wso2/wso2/1/wso2-1.pom
2019-05-19 09:39:04,493 [Worker-47] INFO  o.e.m.c.i.e.AbstractTransferListenerAdapter - Downloaded http://maven.wso2.org/nexus/content/groups/wso2-public/org/wso2/wso2/1/wso2-1.pom
2019-05-19 09:39:05,305 [Worker-47] INFO  o.e.m.c.i.e.AbstractTransferListenerAdapter - Downloading http://maven.wso2.org/nexus/content/groups/wso2-public/biz/aQute/bndlib/0.0.357/bndlib-0.0.357.pom
2019-05-19 09:39:06,135 [Worker-47] INFO  o.e.m.c.i.e.AbstractTransferListenerAdapter - Downloaded http://maven.wso2.org/nexus/content/groups/wso2-public/biz/aQute/bndlib/0.0.357/bndlib-0.0.357.pom
2019-05-19 09:39:06,932 [Worker-47] INFO  o.e.m.c.i.e.AbstractTransferListenerAdapter - Downloading http://maven.wso2.org/nexus/content/groups/wso2-public/net/sf/kxml/kxml2/2.2.2/kxml2-2.2.2.pom
2019-05-19 09:39:07,772 [Worker-47] INFO  o.e.m.c.i.e.AbstractTransferListenerAdapter - Downloaded http://maven.wso2.org/nexus/content/groups/wso2-public/net/sf/kxml/kxml2/2.2.2/kxml2-2.2.2.pom
2019-05-19 09:39:08,581 [Worker-47] INFO  o.e.m.c.i.e.AbstractTransferListenerAdapter - Downloading http://maven.wso2.org/nexus/content/groups/wso2-public/xmlpull/xmlpull/1.1.3.1/xmlpull-1.1.3.1.pom
2019-05-19 09:39:09,412 [Worker-47] INFO  o.e.m.c.i.e.AbstractTransferListenerAdapter - Downloaded http://maven.wso2.org/nexus/content/groups/wso2-public/xmlpull/xmlpull/1.1.3.1/xmlpull-1.1.3.1.pom
2019-05-19 09:39:10,324 [Worker-47] INFO  o.e.m.c.i.e.AbstractTransferListenerAdapter - Downloading http://maven.wso2.org/nexus/content/groups/wso2-public/org/apache/felix/org.apache.felix.bundlerepository/1.6.2/org.apache.felix.bundlerepository-1.6.2.pom
2019-05-19 09:39:11,105 [Worker-47] INFO  o.e.m.c.i.e.AbstractTransferListenerAdapter - Downloaded http://maven.wso2.org/nexus/content/groups/wso2-public/org/apache/felix/org.apache.felix.bundlerepository/1.6.2/org.apache.felix.bundlerepository-1.6.2.pom
2019-05-19 09:39:11,879 [Worker-47] INFO  o.e.m.c.i.e.AbstractTransferListenerAdapter - Downloading http://maven.wso2.org/nexus/content/groups/wso2-public/org/apache/felix/felix-parent/1.2.1/felix-parent-1.2.1.pom
2019-05-19 09:39:12,691 [Worker-47] INFO  o.e.m.c.i.e.AbstractTransferListenerAdapter - Downloaded http://maven.wso2.org/nexus/content/groups/wso2-public/org/apache/felix/felix-parent/1.2.1/felix-parent-1.2.1.pom
2019-05-19 09:39:13,497 [Worker-47] INFO  o.e.m.c.i.e.AbstractTransferListenerAdapter - Downloading http://maven.wso2.org/nexus/content/groups/wso2-public/org/osgi/org.osgi.core/4.1.0/org.osgi.core-4.1.0.pom
2019-05-19 09:39:14,325 [Worker-47] INFO  o.e.m.c.i.e.AbstractTransferListenerAdapter - Downloaded http://maven.wso2.org/nexus/content/groups/wso2-public/org/osgi/org.osgi.core/4.1.0/org.osgi.core-4.1.0.pom
2019-05-19 09:39:15,135 [Worker-47] INFO  o.e.m.c.i.e.AbstractTransferListenerAdapter - Downloading http://maven.wso2.org/nexus/content/groups/wso2-public/org/easymock/easymock/2.4/easymock-2.4.pom
2019-05-19 09:39:15,962 [Worker-47] INFO  o.e.m.c.i.e.AbstractTransferListenerAdapter - Downloaded http://maven.wso2.org/nexus/content/groups/wso2-public/org/easymock/easymock/2.4/easymock-2.4.pom
2019-05-19 09:39:16,745 [Worker-47] INFO  o.e.m.c.i.e.AbstractTransferListenerAdapter - Downloading http://maven.wso2.org/nexus/content/groups/wso2-public/org/apache/felix/org.osgi.core/1.0.0/org.osgi.core-1.0.0.pom
2019-05-19 09:39:17,598 [Worker-47] INFO  o.e.m.c.i.e.AbstractTransferListenerAdapter - Downloaded http://maven.wso2.org/nexus/content/groups/wso2-public/org/apache/felix/org.osgi.core/1.0.0/org.osgi.core-1.0.0.pom
2019-05-19 09:39:18,348 [Worker-47] INFO  o.e.m.c.i.e.AbstractTransferListenerAdapter - Downloading http://maven.wso2.org/nexus/content/groups/wso2-public/org/apache/felix/felix/1.0.0/felix-1.0.0.pom
2019-05-19 09:39:19,124 [Worker-47] INFO  o.e.m.c.i.e.AbstractTransferListenerAdapter - Downloaded http://maven.wso2.org/nexus/content/groups/wso2-public/org/apache/felix/felix/1.0.0/felix-1.0.0.pom
2019-05-19 09:39:19,946 [Worker-47] INFO  o.e.m.c.i.e.AbstractTransferListenerAdapter - Downloading http://maven.wso2.org/nexus/content/groups/wso2-public/org/apache/felix/org.osgi.service.obr/1.0.1/org.osgi.service.obr-1.0.1.pom
2019-05-19 09:39:20,771 [Worker-47] INFO  o.e.m.c.i.e.AbstractTransferListenerAdapter - Downloaded http://maven.wso2.org/nexus/content/groups/wso2-public/org/apache/felix/org.osgi.service.obr/1.0.1/org.osgi.service.obr-1.0.1.pom
2019-05-19 09:39:21,586 [Worker-47] INFO  o.e.m.c.i.e.AbstractTransferListenerAdapter - Downloading http://maven.wso2.org/nexus/content/groups/wso2-public/org/apache/felix/felix/1.0.2/felix-1.0.2.pom
2019-05-19 09:39:22,408 [Worker-47] INFO  o.e.m.c.i.e.AbstractTransferListenerAdapter - Downloaded http://maven.wso2.org/nexus/content/groups/wso2-public/org/apache/felix/felix/1.0.2/felix-1.0.2.pom
2019-05-19 09:39:23,172 [Worker-47] INFO  o.e.m.c.i.e.AbstractTransferListenerAdapter - Downloading http://maven.wso2.org/nexus/content/groups/wso2-public/org/apache/maven/maven-settings/2.0.7/maven-settings-2.0.7.pom
2019-05-19 09:39:23,939 [Worker-47] INFO  o.e.m.c.i.e.AbstractTransferListenerAdapter - Downloaded http://maven.wso2.org/nexus/content/groups/wso2-public/org/apache/maven/maven-settings/2.0.7/maven-settings-2.0.7.pom
2019-05-19 09:39:24,761 [Worker-47] INFO  o.e.m.c.i.e.AbstractTransferListenerAdapter - Downloading http://maven.wso2.org/nexus/content/groups/wso2-public/org/apache/maven/maven/2.0.7/maven-2.0.7.pom
2019-05-19 09:39:25,586 [Worker-47] INFO  o.e.m.c.i.e.AbstractTransferListenerAdapter - Downloaded http://maven.wso2.org/nexus/content/groups/wso2-public/org/apache/maven/maven/2.0.7/maven-2.0.7.pom
2019-05-19 09:39:26,373 [Worker-47] INFO  o.e.m.c.i.e.AbstractTransferListenerAdapter - Downloading http://maven.wso2.org/nexus/content/groups/wso2-public/org/apache/maven/maven-model/3.0.2/maven-model-3.0.2.pom
2019-05-19 09:39:27,132 [Worker-47] INFO  o.e.m.c.i.e.AbstractTransferListenerAdapter - Downloaded http://maven.wso2.org/nexus/content/groups/wso2-public/org/apache/maven/maven-model/3.0.2/maven-model-3.0.2.pom
2019-05-19 09:39:27,892 [Worker-47] INFO  o.e.m.c.i.e.AbstractTransferListenerAdapter - Downloading http://maven.wso2.org/nexus/content/groups/wso2-public/org/apache/maven/maven/3.0.2/maven-3.0.2.pom
2019-05-19 09:39:29,066 [Worker-47] INFO  o.e.m.c.i.e.AbstractTransferListenerAdapter - Downloaded http://maven.wso2.org/nexus/content/groups/wso2-public/org/apache/maven/maven/3.0.2/maven-3.0.2.pom
2019-05-19 09:39:29,852 [Worker-47] INFO  o.e.m.c.i.e.AbstractTransferListenerAdapter - Downloading http://maven.wso2.org/nexus/content/groups/wso2-public/org/codehaus/plexus/plexus-utils/2.0.1/plexus-utils-2.0.1.pom
2019-05-19 09:39:30,635 [Worker-47] INFO  o.e.m.c.i.e.AbstractTransferListenerAdapter - Downloaded http://maven.wso2.org/nexus/content/groups/wso2-public/org/codehaus/plexus/plexus-utils/2.0.1/plexus-utils-2.0.1.pom
2019-05-19 09:39:31,394 [Worker-47] INFO  o.e.m.c.i.e.AbstractTransferListenerAdapter - Downloading http://maven.wso2.org/nexus/content/groups/wso2-public/org/codehaus/plexus/plexus/2.0.3/plexus-2.0.3.pom
2019-05-19 09:39:32,162 [Worker-47] INFO  o.e.m.c.i.e.AbstractTransferListenerAdapter - Downloaded http://maven.wso2.org/nexus/content/groups/wso2-public/org/codehaus/plexus/plexus/2.0.3/plexus-2.0.3.pom
2019-05-19 09:39:33,433 [Worker-47] INFO  o.e.m.c.i.e.AbstractTransferListenerAdapter - Downloading http://maven.wso2.org/nexus/content/groups/wso2-public/org/codehaus/plexus/plexus-container-default/1.5.4/plexus-container-default-1.5.4.pom
2019-05-19 09:39:34,276 [Worker-47] INFO  o.e.m.c.i.e.AbstractTransferListenerAdapter - Downloaded http://maven.wso2.org/nexus/content/groups/wso2-public/org/codehaus/plexus/plexus-container-default/1.5.4/plexus-container-default-1.5.4.pom
2019-05-19 09:39:35,105 [Worker-47] INFO  o.e.m.c.i.e.AbstractTransferListenerAdapter - Downloading http://maven.wso2.org/nexus/content/groups/wso2-public/org/codehaus/plexus/plexus-containers/1.5.4/plexus-containers-1.5.4.pom
2019-05-19 09:39:35,901 [Worker-47] INFO  o.e.m.c.i.e.AbstractTransferListenerAdapter - Downloaded http://maven.wso2.org/nexus/content/groups/wso2-public/org/codehaus/plexus/plexus-containers/1.5.4/plexus-containers-1.5.4.pom
2019-05-19 09:39:36,694 [Worker-47] INFO  o.e.m.c.i.e.AbstractTransferListenerAdapter - Downloading http://maven.wso2.org/nexus/content/groups/wso2-public/org/codehaus/plexus/plexus/2.0.5/plexus-2.0.5.pom
2019-05-19 09:39:37,873 [Worker-47] INFO  o.e.m.c.i.e.AbstractTransferListenerAdapter - Downloaded http://maven.wso2.org/nexus/content/groups/wso2-public/org/codehaus/plexus/plexus/2.0.5/plexus-2.0.5.pom
2019-05-19 09:39:38,687 [Worker-47] INFO  o.e.m.c.i.e.AbstractTransferListenerAdapter - Downloading http://maven.wso2.org/nexus/content/groups/wso2-public/org/codehaus/plexus/plexus-classworlds/2.2.2/plexus-classworlds-2.2.2.pom
2019-05-19 09:39:39,519 [Worker-47] INFO  o.e.m.c.i.e.AbstractTransferListenerAdapter - Downloaded http://maven.wso2.org/nexus/content/groups/wso2-public/org/codehaus/plexus/plexus-classworlds/2.2.2/plexus-classworlds-2.2.2.pom
2019-05-19 09:39:40,313 [Worker-47] INFO  o.e.m.c.i.e.AbstractTransferListenerAdapter - Downloading http://maven.wso2.org/nexus/content/groups/wso2-public/org/apache/xbean/xbean-reflect/3.4/xbean-reflect-3.4.pom
2019-05-19 09:39:41,152 [Worker-47] INFO  o.e.m.c.i.e.AbstractTransferListenerAdapter - Downloaded http://maven.wso2.org/nexus/content/groups/wso2-public/org/apache/xbean/xbean-reflect/3.4/xbean-reflect-3.4.pom
2019-05-19 09:39:41,964 [Worker-47] INFO  o.e.m.c.i.e.AbstractTransferListenerAdapter - Downloading http://maven.wso2.org/nexus/content/groups/wso2-public/org/apache/xbean/xbean/3.4/xbean-3.4.pom
2019-05-19 09:39:42,999 [Worker-47] INFO  o.e.m.c.i.e.AbstractTransferListenerAdapter - Downloaded http://maven.wso2.org/nexus/content/groups/wso2-public/org/apache/xbean/xbean/3.4/xbean-3.4.pom
2019-05-19 09:39:43,910 [Worker-47] INFO  o.e.m.c.i.e.AbstractTransferListenerAdapter - Downloading http://maven.wso2.org/nexus/content/groups/wso2-public/log4j/log4j/1.2.14/log4j-1.2.14.pom
2019-05-19 09:39:44,739 [Worker-47] INFO  o.e.m.c.i.e.AbstractTransferListenerAdapter - Downloaded http://maven.wso2.org/nexus/content/groups/wso2-public/log4j/log4j/1.2.14/log4j-1.2.14.pom
2019-05-19 09:39:45,549 [Worker-47] INFO  o.e.m.c.i.e.AbstractTransferListenerAdapter - Downloading http://maven.wso2.org/nexus/content/groups/wso2-public/commons-logging/commons-logging-api/1.1/commons-logging-api-1.1.pom
2019-05-19 09:39:46,378 [Worker-47] INFO  o.e.m.c.i.e.AbstractTransferListenerAdapter - Downloaded http://maven.wso2.org/nexus/content/groups/wso2-public/commons-logging/commons-logging-api/1.1/commons-logging-api-1.1.pom
2019-05-19 09:39:47,187 [Worker-47] INFO  o.e.m.c.i.e.AbstractTransferListenerAdapter - Downloading http://maven.wso2.org/nexus/content/groups/wso2-public/com/google/collections/google-collections/1.0/google-collections-1.0.pom
2019-05-19 09:39:48,019 [Worker-47] INFO  o.e.m.c.i.e.AbstractTransferListenerAdapter - Downloaded http://maven.wso2.org/nexus/content/groups/wso2-public/com/google/collections/google-collections/1.0/google-collections-1.0.pom
2019-05-19 09:39:48,826 [Worker-47] INFO  o.e.m.c.i.e.AbstractTransferListenerAdapter - Downloading http://maven.wso2.org/nexus/content/groups/wso2-public/com/google/google/1/google-1.pom
2019-05-19 09:39:49,656 [Worker-47] INFO  o.e.m.c.i.e.AbstractTransferListenerAdapter - Downloaded http://maven.wso2.org/nexus/content/groups/wso2-public/com/google/google/1/google-1.pom
2019-05-19 09:39:50,465 [Worker-47] INFO  o.e.m.c.i.e.AbstractTransferListenerAdapter - Downloading http://maven.wso2.org/nexus/content/groups/wso2-public/junit/junit/3.8.1/junit-3.8.1.pom
2019-05-19 09:39:51,293 [Worker-47] INFO  o.e.m.c.i.e.AbstractTransferListenerAdapter - Downloaded http://maven.wso2.org/nexus/content/groups/wso2-public/junit/junit/3.8.1/junit-3.8.1.pom
2019-05-19 09:39:52,205 [Worker-47] INFO  o.e.m.c.i.e.AbstractTransferListenerAdapter - Downloading http://maven.wso2.org/nexus/content/groups/wso2-public/org/apache/maven/maven-artifact-manager/2.0.7/maven-artifact-manager-2.0.7.pom
2019-05-19 09:39:52,974 [Worker-47] INFO  o.e.m.c.i.e.AbstractTransferListenerAdapter - Downloaded http://maven.wso2.org/nexus/content/groups/wso2-public/org/apache/maven/maven-artifact-manager/2.0.7/maven-artifact-manager-2.0.7.pom
2019-05-19 09:39:53,844 [Worker-47] INFO  o.e.m.c.i.e.AbstractTransferListenerAdapter - Downloading http://maven.wso2.org/nexus/content/groups/wso2-public/org/apache/maven/maven-repository-metadata/2.0.7/maven-repository-metadata-2.0.7.pom
2019-05-19 09:39:54,673 [Worker-47] INFO  o.e.m.c.i.e.AbstractTransferListenerAdapter - Downloaded http://maven.wso2.org/nexus/content/groups/wso2-public/org/apache/maven/maven-repository-metadata/2.0.7/maven-repository-metadata-2.0.7.pom
2019-05-19 09:39:55,491 [Worker-47] INFO  o.e.m.c.i.e.AbstractTransferListenerAdapter - Downloading http://maven.wso2.org/nexus/content/groups/wso2-public/org/apache/maven/maven-artifact/2.0.7/maven-artifact-2.0.7.pom
2019-05-19 09:39:56,239 [Worker-47] INFO  o.e.m.c.i.e.AbstractTransferListenerAdapter - Downloaded http://maven.wso2.org/nexus/content/groups/wso2-public/org/apache/maven/maven-artifact/2.0.7/maven-artifact-2.0.7.pom
2019-05-19 09:39:57,120 [Worker-47] INFO  o.e.m.c.i.e.AbstractTransferListenerAdapter - Downloading http://maven.wso2.org/nexus/content/groups/wso2-public/org/codehaus/plexus/plexus-component-annotations/1.5.4/plexus-component-annotations-1.5.4.pom
2019-05-19 09:39:57,950 [Worker-47] INFO  o.e.m.c.i.e.AbstractTransferListenerAdapter - Downloaded http://maven.wso2.org/nexus/content/groups/wso2-public/org/codehaus/plexus/plexus-component-annotations/1.5.4/plexus-component-annotations-1.5.4.pom
2019-05-19 09:39:58,795 [Worker-47] INFO  o.e.m.c.i.e.AbstractTransferListenerAdapter - Downloading http://maven.wso2.org/nexus/content/groups/wso2-public/org/apache/maven/maven-archiver/2.2/maven-archiver-2.2.pom
2019-05-19 09:39:59,564 [Worker-47] INFO  o.e.m.c.i.e.AbstractTransferListenerAdapter - Downloaded http://maven.wso2.org/nexus/content/groups/wso2-public/org/apache/maven/maven-archiver/2.2/maven-archiver-2.2.pom
2019-05-19 09:40:00,401 [Worker-47] INFO  o.e.m.c.i.e.AbstractTransferListenerAdapter - Downloading http://maven.wso2.org/nexus/content/groups/wso2-public/org/apache/maven/shared/maven-shared-components/3/maven-shared-components-3.pom
2019-05-19 09:40:01,229 [Worker-47] INFO  o.e.m.c.i.e.AbstractTransferListenerAdapter - Downloaded http://maven.wso2.org/nexus/content/groups/wso2-public/org/apache/maven/shared/maven-shared-components/3/maven-shared-components-3.pom
2019-05-19 09:40:02,023 [Worker-47] INFO  o.e.m.c.i.e.AbstractTransferListenerAdapter - Downloading http://maven.wso2.org/nexus/content/groups/wso2-public/org/apache/maven/maven-parent/4/maven-parent-4.pom
2019-05-19 09:40:02,803 [Worker-47] INFO  o.e.m.c.i.e.AbstractTransferListenerAdapter - Downloaded http://maven.wso2.org/nexus/content/groups/wso2-public/org/apache/maven/maven-parent/4/maven-parent-4.pom
2019-05-19 09:40:03,674 [Worker-47] INFO  o.e.m.c.i.e.AbstractTransferListenerAdapter - Downloading http://maven.wso2.org/nexus/content/groups/wso2-public/org/codehaus/plexus/plexus-archiver/1.0-alpha-7/plexus-archiver-1.0-alpha-7.pom
2019-05-19 09:40:04,465 [Worker-47] INFO  o.e.m.c.i.e.AbstractTransferListenerAdapter - Downloaded http://maven.wso2.org/nexus/content/groups/wso2-public/org/codehaus/plexus/plexus-archiver/1.0-alpha-7/plexus-archiver-1.0-alpha-7.pom
2019-05-19 09:40:05,319 [Worker-47] INFO  o.e.m.c.i.e.AbstractTransferListenerAdapter - Downloading http://maven.wso2.org/nexus/content/groups/wso2-public/org/codehaus/plexus/plexus-components/1.1.6/plexus-components-1.1.6.pom
2019-05-19 09:40:06,162 [Worker-47] INFO  o.e.m.c.i.e.AbstractTransferListenerAdapter - Downloaded http://maven.wso2.org/nexus/content/groups/wso2-public/org/codehaus/plexus/plexus-components/1.1.6/plexus-components-1.1.6.pom
2019-05-19 09:40:07,054 [Worker-47] INFO  o.e.m.c.i.e.AbstractTransferListenerAdapter - Downloading http://maven.wso2.org/nexus/content/groups/wso2-public/org/codehaus/plexus/plexus/1.0.8/plexus-1.0.8.pom
2019-05-19 09:40:07,883 [Worker-47] INFO  o.e.m.c.i.e.AbstractTransferListenerAdapter - Downloaded http://maven.wso2.org/nexus/content/groups/wso2-public/org/codehaus/plexus/plexus/1.0.8/plexus-1.0.8.pom
2019-05-19 09:40:08,697 [Worker-47] INFO  o.e.m.c.i.e.AbstractTransferListenerAdapter - Downloading http://maven.wso2.org/nexus/content/groups/wso2-public/org/apache/maven/shared/maven-dependency-tree/1.2/maven-dependency-tree-1.2.pom
2019-05-19 09:40:09,523 [Worker-47] INFO  o.e.m.c.i.e.AbstractTransferListenerAdapter - Downloaded http://maven.wso2.org/nexus/content/groups/wso2-public/org/apache/maven/shared/maven-dependency-tree/1.2/maven-dependency-tree-1.2.pom
2019-05-19 09:40:10,331 [Worker-47] INFO  o.e.m.c.i.e.AbstractTransferListenerAdapter - Downloading http://maven.wso2.org/nexus/content/groups/wso2-public/org/apache/maven/shared/maven-shared-components/9/maven-shared-components-9.pom
2019-05-19 09:40:11,161 [Worker-47] INFO  o.e.m.c.i.e.AbstractTransferListenerAdapter - Downloaded http://maven.wso2.org/nexus/content/groups/wso2-public/org/apache/maven/shared/maven-shared-components/9/maven-shared-components-9.pom
2019-05-19 09:40:12,072 [Worker-47] INFO  o.e.m.c.i.e.AbstractTransferListenerAdapter - Downloading http://maven.wso2.org/nexus/content/groups/wso2-public/org/apache/maven/maven-parent/8/maven-parent-8.pom
2019-05-19 09:40:13,109 [Worker-47] INFO  o.e.m.c.i.e.AbstractTransferListenerAdapter - Downloaded http://maven.wso2.org/nexus/content/groups/wso2-public/org/apache/maven/maven-parent/8/maven-parent-8.pom
2019-05-19 09:40:14,017 [Worker-47] INFO  o.e.m.c.i.e.AbstractTransferListenerAdapter - Downloading http://maven.wso2.org/nexus/content/groups/wso2-public/org/apache/maven/wagon/wagon-provider-api/1.0-beta-2/wagon-provider-api-1.0-beta-2.pom
2019-05-19 09:40:14,853 [Worker-47] INFO  o.e.m.c.i.e.AbstractTransferListenerAdapter - Downloaded http://maven.wso2.org/nexus/content/groups/wso2-public/org/apache/maven/wagon/wagon-provider-api/1.0-beta-2/wagon-provider-api-1.0-beta-2.pom
2019-05-19 09:40:15,758 [Worker-47] INFO  o.e.m.c.i.e.AbstractTransferListenerAdapter - Downloading http://maven.wso2.org/nexus/content/groups/wso2-public/org/apache/maven/wagon/wagon/1.0-beta-2/wagon-1.0-beta-2.pom
2019-05-19 09:40:16,590 [Worker-47] INFO  o.e.m.c.i.e.AbstractTransferListenerAdapter - Downloaded http://maven.wso2.org/nexus/content/groups/wso2-public/org/apache/maven/wagon/wagon/1.0-beta-2/wagon-1.0-beta-2.pom
2019-05-19 09:40:17,396 [Worker-47] INFO  o.e.m.c.i.e.AbstractTransferListenerAdapter - Downloading http://maven.wso2.org/nexus/content/groups/wso2-public/org/wso2/maven/org.wso2.maven.capp/2.1.0/org.wso2.maven.capp-2.1.0.pom
2019-05-19 09:40:18,229 [Worker-47] INFO  o.e.m.c.i.e.AbstractTransferListenerAdapter - Downloaded http://maven.wso2.org/nexus/content/groups/wso2-public/org/wso2/maven/org.wso2.maven.capp/2.1.0/org.wso2.maven.capp-2.1.0.pom
2019-05-19 09:40:19,057 [Worker-47] INFO  o.e.m.c.i.e.AbstractTransferListenerAdapter - Downloading http://maven.wso2.org/nexus/content/groups/wso2-public/org/apache/ws/commons/axiom/wso2/axiom/1.2.11.wso2v4/axiom-1.2.11.wso2v4.pom
2019-05-19 09:40:19,848 [Worker-47] INFO  o.e.m.c.i.e.AbstractTransferListenerAdapter - Downloaded http://maven.wso2.org/nexus/content/groups/wso2-public/org/apache/ws/commons/axiom/wso2/axiom/1.2.11.wso2v4/axiom-1.2.11.wso2v4.pom
2019-05-19 09:40:20,654 [Worker-47] INFO  o.e.m.c.i.e.AbstractTransferListenerAdapter - Downloading http://maven.wso2.org/nexus/content/groups/wso2-public/org/wso2/carbon/carbon-kernel-dependents/4.1.0/carbon-kernel-dependents-4.1.0.pom
2019-05-19 09:40:21,509 [Worker-47] INFO  o.e.m.c.i.e.AbstractTransferListenerAdapter - Downloaded http://maven.wso2.org/nexus/content/groups/wso2-public/org/wso2/carbon/carbon-kernel-dependents/4.1.0/carbon-kernel-dependents-4.1.0.pom
2019-05-19 09:40:22,312 [Worker-47] INFO  o.e.m.c.i.e.AbstractTransferListenerAdapter - Downloading http://maven.wso2.org/nexus/content/groups/wso2-public/org/wso2/carbon/carbon-parent/4.1.0/carbon-parent-4.1.0.pom
2019-05-19 09:40:23,626 [Worker-47] INFO  o.e.m.c.i.e.AbstractTransferListenerAdapter - Downloaded http://maven.wso2.org/nexus/content/groups/wso2-public/org/wso2/carbon/carbon-parent/4.1.0/carbon-parent-4.1.0.pom
2019-05-19 09:40:24,414 [Worker-47] INFO  o.e.m.c.i.e.AbstractTransferListenerAdapter - Downloading http://maven.wso2.org/nexus/content/groups/wso2-public/org/wso2/maven/org.wso2.maven.utils/2.1.0/org.wso2.maven.utils-2.1.0.pom
2019-05-19 09:40:25,295 [Worker-47] INFO  o.e.m.c.i.e.AbstractTransferListenerAdapter - Downloaded http://maven.wso2.org/nexus/content/groups/wso2-public/org/wso2/maven/org.wso2.maven.utils/2.1.0/org.wso2.maven.utils-2.1.0.pom
2019-05-19 09:40:26,095 [Worker-47] INFO  o.e.m.c.i.e.AbstractTransferListenerAdapter - Downloading http://maven.wso2.org/nexus/content/groups/wso2-public/org/wso2/maven/org.wso2.maven.core/2.1.0/org.wso2.maven.core-2.1.0.pom
2019-05-19 09:40:26,860 [Worker-47] INFO  o.e.m.c.i.e.AbstractTransferListenerAdapter - Downloaded http://maven.wso2.org/nexus/content/groups/wso2-public/org/wso2/maven/org.wso2.maven.core/2.1.0/org.wso2.maven.core-2.1.0.pom
2019-05-19 09:40:27,685 [Worker-47] INFO  o.e.m.c.i.e.AbstractTransferListenerAdapter - Downloading http://maven.wso2.org/nexus/content/groups/wso2-public/org/wso2/maven/org.wso2.maven.esb/2.1.0/org.wso2.maven.esb-2.1.0.pom
2019-05-19 09:40:28,464 [Worker-47] INFO  o.e.m.c.i.e.AbstractTransferListenerAdapter - Downloaded http://maven.wso2.org/nexus/content/groups/wso2-public/org/wso2/maven/org.wso2.maven.esb/2.1.0/org.wso2.maven.esb-2.1.0.pom
2019-05-19 09:40:29,378 [Worker-47] INFO  o.e.m.c.i.e.AbstractTransferListenerAdapter - Downloading http://maven.wso2.org/nexus/content/groups/wso2-public/org/wso2/maven/wso2-esb-endpoint-plugin/2.1.0/wso2-esb-endpoint-plugin-2.1.0.jar
2019-05-19 09:40:30,485 [Worker-47] INFO  o.e.m.c.i.e.AbstractTransferListenerAdapter - Downloaded http://maven.wso2.org/nexus/content/groups/wso2-public/org/wso2/maven/wso2-esb-endpoint-plugin/2.1.0/wso2-esb-endpoint-plugin-2.1.0.jar
2019-05-19 09:40:31,323 [Worker-47] INFO  o.e.m.c.i.e.AbstractTransferListenerAdapter - Downloading http://maven.wso2.org/nexus/content/groups/wso2-public/biz/aQute/bndlib/0.0.357/bndlib-0.0.357.jar
2019-05-19 09:40:33,586 [Worker-47] INFO  o.e.m.c.i.e.AbstractTransferListenerAdapter - Downloaded http://maven.wso2.org/nexus/content/groups/wso2-public/biz/aQute/bndlib/0.0.357/bndlib-0.0.357.jar
2019-05-19 09:40:34,360 [Worker-47] INFO  o.e.m.c.i.e.AbstractTransferListenerAdapter - Downloading http://maven.wso2.org/nexus/content/groups/wso2-public/net/sf/kxml/kxml2/2.2.2/kxml2-2.2.2.jar
2019-05-19 09:40:35,532 [Worker-47] INFO  o.e.m.c.i.e.AbstractTransferListenerAdapter - Downloaded http://maven.wso2.org/nexus/content/groups/wso2-public/net/sf/kxml/kxml2/2.2.2/kxml2-2.2.2.jar
2019-05-19 09:40:36,342 [Worker-47] INFO  o.e.m.c.i.e.AbstractTransferListenerAdapter - Downloading http://maven.wso2.org/nexus/content/groups/wso2-public/xmlpull/xmlpull/1.1.3.1/xmlpull-1.1.3.1.jar
2019-05-19 09:40:37,168 [Worker-47] INFO  o.e.m.c.i.e.AbstractTransferListenerAdapter - Downloaded http://maven.wso2.org/nexus/content/groups/wso2-public/xmlpull/xmlpull/1.1.3.1/xmlpull-1.1.3.1.jar
2019-05-19 09:40:37,979 [Worker-47] INFO  o.e.m.c.i.e.AbstractTransferListenerAdapter - Downloading http://maven.wso2.org/nexus/content/groups/wso2-public/org/apache/felix/org.apache.felix.bundlerepository/1.6.2/org.apache.felix.bundlerepository-1.6.2.jar
2019-05-19 09:40:39,624 [Worker-47] INFO  o.e.m.c.i.e.AbstractTransferListenerAdapter - Downloaded http://maven.wso2.org/nexus/content/groups/wso2-public/org/apache/felix/org.apache.felix.bundlerepository/1.6.2/org.apache.felix.bundlerepository-1.6.2.jar
2019-05-19 09:40:40,401 [Worker-47] INFO  o.e.m.c.i.e.AbstractTransferListenerAdapter - Downloading http://maven.wso2.org/nexus/content/groups/wso2-public/org/osgi/org.osgi.core/4.1.0/org.osgi.core-4.1.0.jar
2019-05-19 09:40:41,983 [Worker-47] INFO  o.e.m.c.i.e.AbstractTransferListenerAdapter - Downloaded http://maven.wso2.org/nexus/content/groups/wso2-public/org/osgi/org.osgi.core/4.1.0/org.osgi.core-4.1.0.jar
2019-05-19 09:40:42,756 [Worker-47] INFO  o.e.m.c.i.e.AbstractTransferListenerAdapter - Downloading http://maven.wso2.org/nexus/content/groups/wso2-public/org/easymock/easymock/2.4/easymock-2.4.jar
2019-05-19 09:40:44,049 [Worker-47] INFO  o.e.m.c.i.e.AbstractTransferListenerAdapter - Downloaded http://maven.wso2.org/nexus/content/groups/wso2-public/org/easymock/easymock/2.4/easymock-2.4.jar
2019-05-19 09:40:44,817 [Worker-47] INFO  o.e.m.c.i.e.AbstractTransferListenerAdapter - Downloading http://maven.wso2.org/nexus/content/groups/wso2-public/org/apache/felix/org.osgi.core/1.0.0/org.osgi.core-1.0.0.jar
2019-05-19 09:40:46,181 [Worker-47] INFO  o.e.m.c.i.e.AbstractTransferListenerAdapter - Downloaded http://maven.wso2.org/nexus/content/groups/wso2-public/org/apache/felix/org.osgi.core/1.0.0/org.osgi.core-1.0.0.jar
2019-05-19 09:40:46,991 [Worker-47] INFO  o.e.m.c.i.e.AbstractTransferListenerAdapter - Downloading http://maven.wso2.org/nexus/content/groups/wso2-public/org/apache/felix/org.osgi.service.obr/1.0.1/org.osgi.service.obr-1.0.1.jar
2019-05-19 09:40:47,818 [Worker-47] INFO  o.e.m.c.i.e.AbstractTransferListenerAdapter - Downloaded http://maven.wso2.org/nexus/content/groups/wso2-public/org/apache/felix/org.osgi.service.obr/1.0.1/org.osgi.service.obr-1.0.1.jar
2019-05-19 09:40:48,629 [Worker-47] INFO  o.e.m.c.i.e.AbstractTransferListenerAdapter - Downloading http://maven.wso2.org/nexus/content/groups/wso2-public/org/apache/maven/maven-model/3.0.2/maven-model-3.0.2.jar
2019-05-19 09:40:50,379 [Worker-47] INFO  o.e.m.c.i.e.AbstractTransferListenerAdapter - Downloaded http://maven.wso2.org/nexus/content/groups/wso2-public/org/apache/maven/maven-model/3.0.2/maven-model-3.0.2.jar
2019-05-19 09:40:51,190 [Worker-47] INFO  o.e.m.c.i.e.AbstractTransferListenerAdapter - Downloading http://maven.wso2.org/nexus/content/groups/wso2-public/org/codehaus/plexus/plexus-component-annotations/1.5.4/plexus-component-annotations-1.5.4.jar
2019-05-19 09:40:52,017 [Worker-47] INFO  o.e.m.c.i.e.AbstractTransferListenerAdapter - Downloaded http://maven.wso2.org/nexus/content/groups/wso2-public/org/codehaus/plexus/plexus-component-annotations/1.5.4/plexus-component-annotations-1.5.4.jar
2019-05-19 09:40:52,828 [Worker-47] INFO  o.e.m.c.i.e.AbstractTransferListenerAdapter - Downloading http://maven.wso2.org/nexus/content/groups/wso2-public/org/apache/maven/maven-artifact/2.0.7/maven-artifact-2.0.7.jar
2019-05-19 09:40:54,169 [Worker-47] INFO  o.e.m.c.i.e.AbstractTransferListenerAdapter - Downloaded http://maven.wso2.org/nexus/content/groups/wso2-public/org/apache/maven/maven-artifact/2.0.7/maven-artifact-2.0.7.jar
2019-05-19 09:40:54,979 [Worker-47] INFO  o.e.m.c.i.e.AbstractTransferListenerAdapter - Downloading http://maven.wso2.org/nexus/content/groups/wso2-public/org/apache/maven/maven-archiver/2.2/maven-archiver-2.2.jar
2019-05-19 09:40:55,805 [Worker-47] INFO  o.e.m.c.i.e.AbstractTransferListenerAdapter - Downloaded http://maven.wso2.org/nexus/content/groups/wso2-public/org/apache/maven/maven-archiver/2.2/maven-archiver-2.2.jar
2019-05-19 09:40:56,618 [Worker-47] INFO  o.e.m.c.i.e.AbstractTransferListenerAdapter - Downloading http://maven.wso2.org/nexus/content/groups/wso2-public/org/apache/maven/maven-artifact-manager/2.0.7/maven-artifact-manager-2.0.7.jar
2019-05-19 09:40:57,864 [Worker-47] INFO  o.e.m.c.i.e.AbstractTransferListenerAdapter - Downloaded http://maven.wso2.org/nexus/content/groups/wso2-public/org/apache/maven/maven-artifact-manager/2.0.7/maven-artifact-manager-2.0.7.jar
2019-05-19 09:40:58,767 [Worker-47] INFO  o.e.m.c.i.e.AbstractTransferListenerAdapter - Downloading http://maven.wso2.org/nexus/content/groups/wso2-public/org/apache/maven/maven-repository-metadata/2.0.7/maven-repository-metadata-2.0.7.jar
2019-05-19 09:40:59,799 [Worker-47] INFO  o.e.m.c.i.e.AbstractTransferListenerAdapter - Downloaded http://maven.wso2.org/nexus/content/groups/wso2-public/org/apache/maven/maven-repository-metadata/2.0.7/maven-repository-metadata-2.0.7.jar
2019-05-19 09:41:00,611 [Worker-47] INFO  o.e.m.c.i.e.AbstractTransferListenerAdapter - Downloading http://maven.wso2.org/nexus/content/groups/wso2-public/org/apache/maven/maven-settings/2.0.7/maven-settings-2.0.7.jar
2019-05-19 09:41:01,905 [Worker-47] INFO  o.e.m.c.i.e.AbstractTransferListenerAdapter - Downloaded http://maven.wso2.org/nexus/content/groups/wso2-public/org/apache/maven/maven-settings/2.0.7/maven-settings-2.0.7.jar
2019-05-19 09:41:02,697 [Worker-47] INFO  o.e.m.c.i.e.AbstractTransferListenerAdapter - Downloading http://maven.wso2.org/nexus/content/groups/wso2-public/org/apache/maven/shared/maven-dependency-tree/1.2/maven-dependency-tree-1.2.jar
2019-05-19 09:41:03,795 [Worker-47] INFO  o.e.m.c.i.e.AbstractTransferListenerAdapter - Downloaded http://maven.wso2.org/nexus/content/groups/wso2-public/org/apache/maven/shared/maven-dependency-tree/1.2/maven-dependency-tree-1.2.jar
2019-05-19 09:41:05,117 [Worker-47] INFO  o.e.m.c.i.e.AbstractTransferListenerAdapter - Downloading http://maven.wso2.org/nexus/content/groups/wso2-public/org/apache/maven/wagon/wagon-provider-api/1.0-beta-2/wagon-provider-api-1.0-beta-2.jar
2019-05-19 09:41:06,503 [Worker-47] INFO  o.e.m.c.i.e.AbstractTransferListenerAdapter - Downloaded http://maven.wso2.org/nexus/content/groups/wso2-public/org/apache/maven/wagon/wagon-provider-api/1.0-beta-2/wagon-provider-api-1.0-beta-2.jar
2019-05-19 09:41:07,276 [Worker-47] INFO  o.e.m.c.i.e.AbstractTransferListenerAdapter - Downloading http://maven.wso2.org/nexus/content/groups/wso2-public/org/codehaus/plexus/plexus-container-default/1.5.4/plexus-container-default-1.5.4.jar
2019-05-19 09:41:09,218 [Worker-47] INFO  o.e.m.c.i.e.AbstractTransferListenerAdapter - Downloaded http://maven.wso2.org/nexus/content/groups/wso2-public/org/codehaus/plexus/plexus-container-default/1.5.4/plexus-container-default-1.5.4.jar
2019-05-19 09:41:10,032 [Worker-47] INFO  o.e.m.c.i.e.AbstractTransferListenerAdapter - Downloading http://maven.wso2.org/nexus/content/groups/wso2-public/org/codehaus/plexus/plexus-classworlds/2.2.2/plexus-classworlds-2.2.2.jar
2019-05-19 09:41:11,376 [Worker-47] INFO  o.e.m.c.i.e.AbstractTransferListenerAdapter - Downloaded http://maven.wso2.org/nexus/content/groups/wso2-public/org/codehaus/plexus/plexus-classworlds/2.2.2/plexus-classworlds-2.2.2.jar
2019-05-19 09:41:12,181 [Worker-47] INFO  o.e.m.c.i.e.AbstractTransferListenerAdapter - Downloading http://maven.wso2.org/nexus/content/groups/wso2-public/org/apache/xbean/xbean-reflect/3.4/xbean-reflect-3.4.jar
2019-05-19 09:41:13,726 [Worker-47] INFO  o.e.m.c.i.e.AbstractTransferListenerAdapter - Downloaded http://maven.wso2.org/nexus/content/groups/wso2-public/org/apache/xbean/xbean-reflect/3.4/xbean-reflect-3.4.jar
2019-05-19 09:41:14,537 [Worker-47] INFO  o.e.m.c.i.e.AbstractTransferListenerAdapter - Downloading http://maven.wso2.org/nexus/content/groups/wso2-public/log4j/log4j/1.2.14/log4j-1.2.14.jar
2019-05-19 09:41:16,592 [Worker-47] INFO  o.e.m.c.i.e.AbstractTransferListenerAdapter - Downloaded http://maven.wso2.org/nexus/content/groups/wso2-public/log4j/log4j/1.2.14/log4j-1.2.14.jar
2019-05-19 09:41:17,404 [Worker-47] INFO  o.e.m.c.i.e.AbstractTransferListenerAdapter - Downloading http://maven.wso2.org/nexus/content/groups/wso2-public/commons-logging/commons-logging-api/1.1/commons-logging-api-1.1.jar
2019-05-19 09:41:18,742 [Worker-47] INFO  o.e.m.c.i.e.AbstractTransferListenerAdapter - Downloaded http://maven.wso2.org/nexus/content/groups/wso2-public/commons-logging/commons-logging-api/1.1/commons-logging-api-1.1.jar
2019-05-19 09:41:19,555 [Worker-47] INFO  o.e.m.c.i.e.AbstractTransferListenerAdapter - Downloading http://maven.wso2.org/nexus/content/groups/wso2-public/com/google/collections/google-collections/1.0/google-collections-1.0.jar
2019-05-19 09:41:22,118 [Worker-47] INFO  o.e.m.c.i.e.AbstractTransferListenerAdapter - Downloaded http://maven.wso2.org/nexus/content/groups/wso2-public/com/google/collections/google-collections/1.0/google-collections-1.0.jar
2019-05-19 09:41:22,876 [Worker-47] INFO  o.e.m.c.i.e.AbstractTransferListenerAdapter - Downloading http://maven.wso2.org/nexus/content/groups/wso2-public/org/codehaus/plexus/plexus-archiver/1.0-alpha-7/plexus-archiver-1.0-alpha-7.jar
2019-05-19 09:41:24,472 [Worker-47] INFO  o.e.m.c.i.e.AbstractTransferListenerAdapter - Downloaded http://maven.wso2.org/nexus/content/groups/wso2-public/org/codehaus/plexus/plexus-archiver/1.0-alpha-7/plexus-archiver-1.0-alpha-7.jar
2019-05-19 09:41:25,289 [Worker-47] INFO  o.e.m.c.i.e.AbstractTransferListenerAdapter - Downloading http://maven.wso2.org/nexus/content/groups/wso2-public/org/codehaus/plexus/plexus-utils/2.0.1/plexus-utils-2.0.1.jar
2019-05-19 09:41:27,037 [Worker-47] INFO  o.e.m.c.i.e.AbstractTransferListenerAdapter - Downloaded http://maven.wso2.org/nexus/content/groups/wso2-public/org/codehaus/plexus/plexus-utils/2.0.1/plexus-utils-2.0.1.jar
2019-05-19 09:41:27,849 [Worker-47] INFO  o.e.m.c.i.e.AbstractTransferListenerAdapter - Downloading http://maven.wso2.org/nexus/content/groups/wso2-public/org/wso2/maven/org.wso2.maven.capp/2.1.0/org.wso2.maven.capp-2.1.0.jar
2019-05-19 09:41:28,983 [Worker-47] INFO  o.e.m.c.i.e.AbstractTransferListenerAdapter - Downloaded http://maven.wso2.org/nexus/content/groups/wso2-public/org/wso2/maven/org.wso2.maven.capp/2.1.0/org.wso2.maven.capp-2.1.0.jar
2019-05-19 09:41:29,795 [Worker-47] INFO  o.e.m.c.i.e.AbstractTransferListenerAdapter - Downloading http://maven.wso2.org/nexus/content/groups/wso2-public/org/apache/ws/commons/axiom/wso2/axiom/1.2.11.wso2v4/axiom-1.2.11.wso2v4.jar
2019-05-19 09:41:33,286 [Worker-47] INFO  o.e.m.c.i.e.AbstractTransferListenerAdapter - Downloaded http://maven.wso2.org/nexus/content/groups/wso2-public/org/apache/ws/commons/axiom/wso2/axiom/1.2.11.wso2v4/axiom-1.2.11.wso2v4.jar
2019-05-19 09:41:34,095 [Worker-47] INFO  o.e.m.c.i.e.AbstractTransferListenerAdapter - Downloading http://maven.wso2.org/nexus/content/groups/wso2-public/org/wso2/maven/org.wso2.maven.utils/2.1.0/org.wso2.maven.utils-2.1.0.jar
2019-05-19 09:41:35,128 [Worker-47] INFO  o.e.m.c.i.e.AbstractTransferListenerAdapter - Downloaded http://maven.wso2.org/nexus/content/groups/wso2-public/org/wso2/maven/org.wso2.maven.utils/2.1.0/org.wso2.maven.utils-2.1.0.jar
2019-05-19 09:41:35,940 [Worker-47] INFO  o.e.m.c.i.e.AbstractTransferListenerAdapter - Downloading http://maven.wso2.org/nexus/content/groups/wso2-public/org/wso2/maven/org.wso2.maven.core/2.1.0/org.wso2.maven.core-2.1.0.jar
2019-05-19 09:41:37,074 [Worker-47] INFO  o.e.m.c.i.e.AbstractTransferListenerAdapter - Downloaded http://maven.wso2.org/nexus/content/groups/wso2-public/org/wso2/maven/org.wso2.maven.core/2.1.0/org.wso2.maven.core-2.1.0.jar
2019-05-19 09:41:37,887 [Worker-47] INFO  o.e.m.c.i.e.AbstractTransferListenerAdapter - Downloading http://maven.wso2.org/nexus/content/groups/wso2-public/org/wso2/maven/org.wso2.maven.esb/2.1.0/org.wso2.maven.esb-2.1.0.jar
2019-05-19 09:41:38,712 [Worker-47] INFO  o.e.m.c.i.e.AbstractTransferListenerAdapter - Downloaded http://maven.wso2.org/nexus/content/groups/wso2-public/org/wso2/maven/org.wso2.maven.esb/2.1.0/org.wso2.maven.esb-2.1.0.jar
2019-05-19 09:41:41,619 [Worker-47] INFO  o.e.m.c.i.e.AbstractTransferListenerAdapter - Downloading http://maven.wso2.org/nexus/content/groups/wso2-public/org/wso2/maven/wso2-esb-api-plugin/2.1.0/wso2-esb-api-plugin-2.1.0.pom
2019-05-19 09:41:42,432 [Worker-47] INFO  o.e.m.c.i.e.AbstractTransferListenerAdapter - Downloaded http://maven.wso2.org/nexus/content/groups/wso2-public/org/wso2/maven/wso2-esb-api-plugin/2.1.0/wso2-esb-api-plugin-2.1.0.pom
2019-05-19 09:41:43,336 [Worker-47] INFO  o.e.m.c.i.e.AbstractTransferListenerAdapter - Downloading http://maven.wso2.org/nexus/content/groups/wso2-public/org/wso2/maven/wso2-esb-api-plugin/2.1.0/wso2-esb-api-plugin-2.1.0.jar
2019-05-19 09:41:44,419 [Worker-47] INFO  o.e.m.c.i.e.AbstractTransferListenerAdapter - Downloaded http://maven.wso2.org/nexus/content/groups/wso2-public/org/wso2/maven/wso2-esb-api-plugin/2.1.0/wso2-esb-api-plugin-2.1.0.jar
